Rasa process starting
C:\Users\Manish\Anaconda3\lib\site-packages\pykwalify\core.py:99: UnsafeLoaderWarning: 
The default 'Loader' for 'load(stream)' without further arguments can be unsafe.
Use 'load(stream, Loader=ruamel.yaml.Loader)' explicitly if that is OK.
Alternatively include the following in your code:

  import warnings
  warnings.simplefilter('ignore', ruamel.yaml.error.UnsafeLoaderWarning)

In most other cases you should consider using 'safe_load(stream)'
  data = yaml.load(stream)

Finished loading agent, starting input channel & server.
Creating a new tracker for id 'default'.
Received user message 'hi' with intent '{'name': 'hi', 'confidence': 1.0}' and entities '[]'
Logged UserUtterance - tracker now has 2 events
Current slot values: 
	cuisine: None
	email_id: None
	location: None
	price_range: None
	restaurant_details: None
	valid_res: None
Current tracker state [None, None, {}, {'intent_hi': 1.0, 'prev_action_listen': 1.0}]
There is no memorised next action
Feature 'intent_hi' (value: '1.0') could not be found in feature map. Make sure you added all intents and entities to the domain
Predicted next action using policy_1_KerasPolicy
Predicted next action 'action_listen' with prob 0.97.
Action 'action_listen' ended with events '[]'
C:\Users\Manish\Anaconda3\lib\site-packages\pykwalify\core.py:99: UnsafeLoaderWarning: 
The default 'Loader' for 'load(stream)' without further arguments can be unsafe.
Use 'load(stream, Loader=ruamel.yaml.Loader)' explicitly if that is OK.
Alternatively include the following in your code:

  import warnings
  warnings.simplefilter('ignore', ruamel.yaml.error.UnsafeLoaderWarning)

In most other cases you should consider using 'safe_load(stream)'
  data = yaml.load(stream)

Failed to fill utterance template '{'text': "We don't have information about restaurants in {loc}. Any other place in your mind?"}'. Tried to replace 'loc' but could not find a value for it. There is no slot with this name nor did you pass the value explicitly when calling the template. Return template without filling the template. 
Traceback (most recent call last):
  File "d:\softwares\rasa\rasa_core-master\rasa_core\nlg\template.py", line 77, in _fill_template_text
    template["text"] = template["text"].format(**template_vars)
KeyError: 'loc'
Failed to parse intent end entities from ''. 
C:\Users\Manish\Anaconda3\lib\site-packages\pykwalify\core.py:99: UnsafeLoaderWarning: 
The default 'Loader' for 'load(stream)' without further arguments can be unsafe.
Use 'load(stream, Loader=ruamel.yaml.Loader)' explicitly if that is OK.
Alternatively include the following in your code:

  import warnings
  warnings.simplefilter('ignore', ruamel.yaml.error.UnsafeLoaderWarning)

In most other cases you should consider using 'safe_load(stream)'
  data = yaml.load(stream)

Failed to fill utterance template '{'text': "We don't have information about restaurants in {loc}. Any other place in your mind?"}'. Tried to replace 'loc' but could not find a value for it. There is no slot with this name nor did you pass the value explicitly when calling the template. Return template without filling the template. 
Traceback (most recent call last):
  File "d:\softwares\rasa\rasa_core-master\rasa_core\nlg\template.py", line 77, in _fill_template_text
    template["text"] = template["text"].format(**template_vars)
KeyError: 'loc'
C:\Users\Manish\Anaconda3\lib\site-packages\pykwalify\core.py:99: UnsafeLoaderWarning: 
The default 'Loader' for 'load(stream)' without further arguments can be unsafe.
Use 'load(stream, Loader=ruamel.yaml.Loader)' explicitly if that is OK.
Alternatively include the following in your code:

  import warnings
  warnings.simplefilter('ignore', ruamel.yaml.error.UnsafeLoaderWarning)

In most other cases you should consider using 'safe_load(stream)'
  data = yaml.load(stream)

Failed to parse intent end entities from ''. 
Failed to parse intent end entities from ''. 
Failed to parse intent end entities from ''. 
Failed to parse intent end entities from ''. 
Failed to parse intent end entities from ''. 
Failed to parse intent end entities from ''. 
Failed to parse intent end entities from ''. 
Failed to parse intent end entities from ''. 
Failed to parse intent end entities from ''. 
Failed to parse intent end entities from ''. 
C:\Users\Manish\Anaconda3\lib\site-packages\pykwalify\core.py:99: UnsafeLoaderWarning: 
The default 'Loader' for 'load(stream)' without further arguments can be unsafe.
Use 'load(stream, Loader=ruamel.yaml.Loader)' explicitly if that is OK.
Alternatively include the following in your code:

  import warnings
  warnings.simplefilter('ignore', ruamel.yaml.error.UnsafeLoaderWarning)

In most other cases you should consider using 'safe_load(stream)'
  data = yaml.load(stream)

Failed to parse intent end entities from ''. 
C:\Users\Manish\Anaconda3\lib\site-packages\pykwalify\core.py:99: UnsafeLoaderWarning: 
The default 'Loader' for 'load(stream)' without further arguments can be unsafe.
Use 'load(stream, Loader=ruamel.yaml.Loader)' explicitly if that is OK.
Alternatively include the following in your code:

  import warnings
  warnings.simplefilter('ignore', ruamel.yaml.error.UnsafeLoaderWarning)

In most other cases you should consider using 'safe_load(stream)'
  data = yaml.load(stream)

Failed to parse intent end entities from ''. 
Failed to parse intent end entities from ''. 
C:\Users\Manish\Anaconda3\lib\site-packages\pykwalify\core.py:99: UnsafeLoaderWarning: 
The default 'Loader' for 'load(stream)' without further arguments can be unsafe.
Use 'load(stream, Loader=ruamel.yaml.Loader)' explicitly if that is OK.
Alternatively include the following in your code:

  import warnings
  warnings.simplefilter('ignore', ruamel.yaml.error.UnsafeLoaderWarning)

In most other cases you should consider using 'safe_load(stream)'
  data = yaml.load(stream)

C:\Users\Manish\Anaconda3\lib\site-packages\pykwalify\core.py:99: UnsafeLoaderWarning: 
The default 'Loader' for 'load(stream)' without further arguments can be unsafe.
Use 'load(stream, Loader=ruamel.yaml.Loader)' explicitly if that is OK.
Alternatively include the following in your code:

  import warnings
  warnings.simplefilter('ignore', ruamel.yaml.error.UnsafeLoaderWarning)

In most other cases you should consider using 'safe_load(stream)'
  data = yaml.load(stream)

C:\Users\Manish\Anaconda3\lib\site-packages\pykwalify\core.py:99: UnsafeLoaderWarning: 
The default 'Loader' for 'load(stream)' without further arguments can be unsafe.
Use 'load(stream, Loader=ruamel.yaml.Loader)' explicitly if that is OK.
Alternatively include the following in your code:

  import warnings
  warnings.simplefilter('ignore', ruamel.yaml.error.UnsafeLoaderWarning)

In most other cases you should consider using 'safe_load(stream)'
  data = yaml.load(stream)

Failed to parse intent end entities from ''. 
